<?xml version="1.0" encoding="UTF-8"?>
<!-- Generated by org.testng.reporters.JUnitReportReporter -->
<testsuite hostname="M430DTRV" name="getRequest.TC4_Get_Data" tests="1" failures="0" timestamp="3 Nov 2020 10:19:15 GMT" time="2.254" errors="0">
  <testcase name="getweatherrespnsedetails" time="2.254" classname="getRequest.TC4_Get_Data"/>
</testsuite> <!-- getRequest.TC4_Get_Data -->
