<?xml version="1.0" encoding="UTF-8"?>
<!-- Generated by org.testng.reporters.JUnitReportReporter -->
<testsuite hostname="M430DTRV" name="getRequest.TC4_Get_Data" tests="1" failures="0" timestamp="29 Jan 2021 06:48:51 GMT" time="2.522" errors="0">
  <testcase name="printheadersandvalue" time="2.522" classname="getRequest.TC4_Get_Data"/>
</testsuite> <!-- getRequest.TC4_Get_Data -->
