<?xml version="1.0" encoding="UTF-8"?>
<!-- Generated by org.testng.reporters.JUnitReportReporter -->
<testsuite hostname="LAPTOP-6A5GTA71" failures="0" tests="1" name="getRequest.TC4_Get_Data" time="2.748" errors="0" timestamp="17 Mar 2024 04:36:38 GMT">
  <testcase classname="getRequest.TC4_Get_Data" name="printheadersandvalue" time="2.748"/>
</testsuite> <!-- getRequest.TC4_Get_Data -->
