<?xml version="1.0" encoding="UTF-8"?>
<!-- Generated by org.testng.reporters.JUnitReportReporter -->
<testsuite hostname="M430DTRV" name="getRequest.TC5_Get_Data" tests="1" failures="0" timestamp="4 Nov 2020 05:53:15 GMT" time="2.194" errors="0">
  <testcase name="validateresponsebody" time="2.194" classname="getRequest.TC5_Get_Data"/>
</testsuite> <!-- getRequest.TC5_Get_Data -->
